#
# There is insufficient memory for the Java Runtime Environment to continue.
# Native memory allocation (malloc) failed to allocate 1048576 bytes. Error detail: AllocateHeap
# Possible reasons:
#   The system is out of physical RAM or swap space
#   This process is running with CompressedOops enabled, and the Java Heap may be blocking the growth of the native heap
# Possible solutions:
#   Reduce memory load on the system
#   Increase physical memory or swap space
#   Check if swap backing store is full
#   Decrease Java heap size (-Xmx/-Xms)
#   Decrease number of Java threads
#   Decrease Java thread stack sizes (-Xss)
#   Set larger code cache with -XX:ReservedCodeCacheSize=
#   JVM is running with Unscaled Compressed Oops mode in which the Java heap is
#     placed in the first 4GB address space. The Java Heap base address is the
#     maximum limit for the native heap growth. Please use -XX:HeapBaseMinAddress
#     to set the Java Heap base and to place the Java Heap above 4GB virtual address.
# This output file may be truncated or incomplete.
#
#  Out of Memory Error (allocation.cpp:44), pid=13868, tid=17964
#
# JRE version: OpenJDK Runtime Environment Temurin-21.0.8+9 (21.0.8+9) (build 21.0.8+9-LTS)
# Java VM: OpenJDK 64-Bit Server VM Temurin-21.0.8+9 (21.0.8+9-LTS, mixed mode, sharing, tiered, compressed oops, compressed class ptrs, parallel gc, windows-amd64)
# No core dump will be written. Minidumps are not enabled by default on client versions of Windows
#

---------------  S U M M A R Y ------------

Command Line: --add-modules=ALL-SYSTEM --add-opens=java.base/java.util=ALL-UNNAMED --add-opens=java.base/java.lang=ALL-UNNAMED --add-opens=java.base/sun.nio.fs=ALL-UNNAMED -Declipse.application=org.eclipse.jdt.ls.core.id1 -Dosgi.bundles.defaultStartLevel=4 -Declipse.product=org.eclipse.jdt.ls.core.product -Djava.import.generatesMetadataFilesAtProjectRoot=false -DDetectVMInstallationsJob.disabled=true -Dfile.encoding=utf8 -XX:+UseParallelGC -XX:GCTimeRatio=4 -XX:AdaptiveSizePolicyWeight=90 -Dsun.zip.disableMemoryMapping=true -Xmx2G -Xms100m -Xlog:disable -javaagent:c:\Users\tuanl\.vscode\extensions\redhat.java-1.47.0-win32-x64\lombok\lombok-1.18.39-4050.jar -XX:+HeapDumpOnOutOfMemoryError -XX:HeapDumpPath=c:\Users\tuanl\AppData\Roaming\Code\User\workspaceStorage\2958d9ff59acb5834dc458d8038bb3cb\redhat.java -Daether.dependencyCollector.impl=bf c:\Users\tuanl\.vscode\extensions\redhat.java-1.47.0-win32-x64\server\plugins\org.eclipse.equinox.launcher_1.7.100.v20251014-1222.jar -configuration c:\Users\tuanl\AppData\Roaming\Code\User\globalStorage\redhat.java\1.47.0\config_win -data c:\Users\tuanl\AppData\Roaming\Code\User\workspaceStorage\2958d9ff59acb5834dc458d8038bb3cb\redhat.java\jdt_ws --pipe=\\.\pipe\lsp-85830d2833c46169ea30dcad70c5bd66-sock

Host: 11th Gen Intel(R) Core(TM) i3-1115G4 @ 3.00GHz, 4 cores, 3G,  Windows 11 , 64 bit Build 22621 (10.0.22621.5415)
Time: Sun Nov  9 22:25:47 2025 SE Asia Standard Time elapsed time: 18679.205995 seconds (0d 5h 11m 19s)

---------------  T H R E A D  ---------------

Current thread (0x000001a3a4d4d8b0):  JavaThread "Attach Listener" daemon [_thread_in_vm, id=17964, stack(0x0000007f57500000,0x0000007f57600000) (1024K)]

Stack: [0x0000007f57500000,0x0000007f57600000]
Native frames: (J=compiled Java code, j=interpreted, Vv=VM code, C=native code)
V  [jvm.dll+0x6d2449]
V  [jvm.dll+0x8ae341]
V  [jvm.dll+0x8b08be]
V  [jvm.dll+0x8b0fa3]
V  [jvm.dll+0x280c96]
V  [jvm.dll+0xc0347]
V  [jvm.dll+0x6d2cf9]
V  [jvm.dll+0x131116]
V  [jvm.dll+0x3f2d16]
V  [jvm.dll+0x857e6b]
V  [jvm.dll+0x6d0b0d]
C  [ucrtbase.dll+0x29333]
C  [KERNEL32.DLL+0x1259d]
C  [ntdll.dll+0x5af78]


---------------  P R O C E S S  ---------------

Threads class SMR info:
_java_thread_list=0x000001a3eda98f80, length=31, elements={
0x000001a38e36c4e0, 0x000001a3a4d47b20, 0x000001a3a4d49510, 0x000001a3a4d4c8b0,
0x000001a3a4d4d8b0, 0x000001a3a4d4e8b0, 0x000001a3a4d50600, 0x000001a3a4d53580,
0x000001a3a4dc40a0, 0x000001a38e3d8d10, 0x000001a3e6d538b0, 0x000001a3eb68c360,
0x000001a3eb23f760, 0x000001a3e6b5de90, 0x000001a3eb1ce9c0, 0x000001a3eb891050,
0x000001a3eb1d0450, 0x000001a3ebeaf700, 0x000001a3ebeaf070, 0x000001a3ebeb1140,
0x000001a3ece5a800, 0x000001a3ece59450, 0x000001a3ece5c240, 0x000001a3ece5ae90,
0x000001a3ece5c8d0, 0x000001a3ece59ae0, 0x000001a3ece5a170, 0x000001a3ece5e9a0,
0x000001a3ebeafd90, 0x000001a3edca7c10, 0x000001a3eeea2960
}

Java Threads: ( => current thread )
  0x000001a38e36c4e0 JavaThread "main"                              [_thread_blocked, id=16964, stack(0x0000007f56e00000,0x0000007f56f00000) (1024K)]
  0x000001a3a4d47b20 JavaThread "Reference Handler"          daemon [_thread_blocked, id=14728, stack(0x0000007f57200000,0x0000007f57300000) (1024K)]
  0x000001a3a4d49510 JavaThread "Finalizer"                  daemon [_thread_blocked, id=8200, stack(0x0000007f57300000,0x0000007f57400000) (1024K)]
  0x000001a3a4d4c8b0 JavaThread "Signal Dispatcher"          daemon [_thread_blocked, id=15340, stack(0x0000007f57400000,0x0000007f57500000) (1024K)]
=>0x000001a3a4d4d8b0 JavaThread "Attach Listener"            daemon [_thread_in_vm, id=17964, stack(0x0000007f57500000,0x0000007f57600000) (1024K)]
  0x000001a3a4d4e8b0 JavaThread "Service Thread"             daemon [_thread_blocked, id=9368, stack(0x0000007f57600000,0x0000007f57700000) (1024K)]
  0x000001a3a4d50600 JavaThread "Monitor Deflation Thread"   daemon [_thread_blocked, id=19408, stack(0x0000007f57700000,0x0000007f57800000) (1024K)]
  0x000001a3a4d53580 JavaThread "C2 CompilerThread0"         daemon [_thread_blocked, id=11920, stack(0x0000007f57800000,0x0000007f57900000) (1024K)]
  0x000001a3a4dc40a0 JavaThread "C1 CompilerThread0"         daemon [_thread_blocked, id=9024, stack(0x0000007f57900000,0x0000007f57a00000) (1024K)]
  0x000001a38e3d8d10 JavaThread "Common-Cleaner"             daemon [_thread_blocked, id=6460, stack(0x0000007f57a00000,0x0000007f57b00000) (1024K)]
  0x000001a3e6d538b0 JavaThread "Notification Thread"        daemon [_thread_blocked, id=11740, stack(0x0000007f57b00000,0x0000007f57c00000) (1024K)]
  0x000001a3eb68c360 JavaThread "Active Thread: Equinox Container: 066aba3c-90dc-46d2-b0ab-8bebad7dc279"        [_thread_blocked, id=11712, stack(0x0000007f57f00000,0x0000007f58000000) (1024K)]
  0x000001a3eb23f760 JavaThread "Refresh Thread: Equinox Container: 066aba3c-90dc-46d2-b0ab-8bebad7dc279" daemon [_thread_blocked, id=14800, stack(0x0000007f58000000,0x0000007f58100000) (1024K)]
  0x000001a3e6b5de90 JavaThread "Framework Event Dispatcher: Equinox Container: 066aba3c-90dc-46d2-b0ab-8bebad7dc279" daemon [_thread_blocked, id=11752, stack(0x0000007f58100000,0x0000007f58200000) (1024K)]
  0x000001a3eb1ce9c0 JavaThread "Start Level: Equinox Container: 066aba3c-90dc-46d2-b0ab-8bebad7dc279" daemon [_thread_blocked, id=19980, stack(0x0000007f58200000,0x0000007f58300000) (1024K)]
  0x000001a3eb891050 JavaThread "Bundle File Closer"         daemon [_thread_blocked, id=10600, stack(0x0000007f58300000,0x0000007f58400000) (1024K)]
  0x000001a3eb1d0450 JavaThread "SCR Component Actor"        daemon [_thread_blocked, id=14340, stack(0x0000007f58400000,0x0000007f58500000) (1024K)]
  0x000001a3ebeaf700 JavaThread "Worker-JM"                         [_thread_blocked, id=2064, stack(0x0000007f58500000,0x0000007f58600000) (1024K)]
  0x000001a3ebeaf070 JavaThread "JNA Cleaner"                daemon [_thread_blocked, id=7516, stack(0x0000007f58600000,0x0000007f58700000) (1024K)]
  0x000001a3ebeb1140 JavaThread "Java indexing"              daemon [_thread_blocked, id=16028, stack(0x0000007f58a00000,0x0000007f58b00000) (1024K)]
  0x000001a3ece5a800 JavaThread "Thread-1"                   daemon [_thread_in_native, id=11364, stack(0x0000007f58d00000,0x0000007f58e00000) (1024K)]
  0x000001a3ece59450 JavaThread "Thread-2"                   daemon [_thread_in_native, id=8924, stack(0x0000007f58e00000,0x0000007f58f00000) (1024K)]
  0x000001a3ece5c240 JavaThread "Thread-3"                   daemon [_thread_in_native, id=10328, stack(0x0000007f58f00000,0x0000007f59000000) (1024K)]
  0x000001a3ece5ae90 JavaThread "Thread-4"                   daemon [_thread_in_native, id=10724, stack(0x0000007f59000000,0x0000007f59100000) (1024K)]
  0x000001a3ece5c8d0 JavaThread "Thread-5"                   daemon [_thread_in_native, id=16344, stack(0x0000007f59100000,0x0000007f59200000) (1024K)]
  0x000001a3ece59ae0 JavaThread "pool-2-thread-1"                   [_thread_blocked, id=9604, stack(0x0000007f59200000,0x0000007f59300000) (1024K)]
  0x000001a3ece5a170 JavaThread "WorkspaceEventsHandler"            [_thread_blocked, id=21488, stack(0x0000007f59300000,0x0000007f59400000) (1024K)]
  0x000001a3ece5e9a0 JavaThread "pool-1-thread-1"                   [_thread_blocked, id=20028, stack(0x0000007f59400000,0x0000007f59500000) (1024K)]
  0x000001a3ebeafd90 JavaThread "Cleaner-0"                  daemon [_thread_blocked, id=5880, stack(0x0000007f58900000,0x0000007f58a00000) (1024K)]
  0x000001a3edca7c10 JavaThread "Worker-18"                         [_thread_blocked, id=12104, stack(0x0000007f59800000,0x0000007f59900000) (1024K)]
  0x000001a3eeea2960 JavaThread "Worker-24"                         [_thread_blocked, id=14276, stack(0x0000007f58b00000,0x0000007f58c00000) (1024K)]
Total: 31

Other Threads:
  0x000001a38e42c700 VMThread "VM Thread"                           [id=10524, stack(0x0000007f57100000,0x0000007f57200000) (1024K)]
  0x000001a38e3d8040 WatcherThread "VM Periodic Task Thread"        [id=16352, stack(0x0000007f57000000,0x0000007f57100000) (1024K)]
  0x000001a38e38a850 WorkerThread "GC Thread#0"                     [id=21288, stack(0x0000007f56f00000,0x0000007f57000000) (1024K)]
  0x000001a3e6e7c5c0 WorkerThread "GC Thread#1"                     [id=12788, stack(0x0000007f57c00000,0x0000007f57d00000) (1024K)]
  0x000001a3eb138aa0 WorkerThread "GC Thread#2"                     [id=6504, stack(0x0000007f57d00000,0x0000007f57e00000) (1024K)]
  0x000001a3eb138e40 WorkerThread "GC Thread#3"                     [id=11656, stack(0x0000007f57e00000,0x0000007f57f00000) (1024K)]
Total: 6

Threads with active compile tasks:
Total: 0

VM state: not at safepoint (normal execution)

VM Mutex/Monitor currently owned by a thread: None

Heap address: 0x0000000080000000, size: 2048 MB, Compressed Oops mode: 32-bit

CDS archive(s) mapped at: [0x000001a3a5000000-0x000001a3a5ba0000-0x000001a3a5ba0000), size 12189696, SharedBaseAddress: 0x000001a3a5000000, ArchiveRelocationMode: 1.
Compressed class space mapped at: 0x000001a3a6000000-0x000001a3e6000000, reserved size: 1073741824
Narrow klass base: 0x000001a3a5000000, Narrow klass shift: 0, Narrow klass range: 0x100000000

GC Precious Log:
 CardTable entry size: 512
 CPUs: 4 total, 4 available
 Memory: 3830M
 Large Page Support: Disabled
 NUMA Support: Disabled
 Compressed Oops: Enabled (32-bit)
 Alignments: Space 512K, Generation 512K, Heap 2M
 Heap Min Capacity: 100M
 Heap Initial Capacity: 100M
 Heap Max Capacity: 2G
 Pre-touch: Disabled
 Parallel Workers: 4

Heap:
 PSYoungGen      total 7168K, used 6773K [0x00000000d5580000, 0x00000000d6280000, 0x0000000100000000)
  eden space 6656K, 96% used [0x00000000d5580000,0x00000000d5bcd6c8,0x00000000d5c00000)
  from space 512K, 62% used [0x00000000d6180000,0x00000000d61d0000,0x00000000d6200000)
  to   space 512K, 0% used [0x00000000d6200000,0x00000000d6200000,0x00000000d6280000)
 ParOldGen       total 1318400K, used 236852K [0x0000000080000000, 0x00000000d0780000, 0x00000000d5580000)
  object space 1318400K, 17% used [0x0000000080000000,0x000000008e74d328,0x00000000d0780000)
 Metaspace       used 87704K, committed 89408K, reserved 1179648K
  class space    used 8594K, committed 9280K, reserved 1048576K

Card table byte_map: [0x000001a38dd10000,0x000001a38e120000] _byte_map_base: 0x000001a38d910000

Marking Bits: (ParMarkBitMap*) 0x00007ffcd594a340
 Begin Bits: [0x000001a3a0810000, 0x000001a3a2810000)
 End Bits:   [0x000001a3a2810000, 0x000001a3a4810000)

Polling page: 0x000001a38c120000

Metaspace:

Usage:
  Non-class:     77.26 MB used.
      Class:      8.39 MB used.
       Both:     85.65 MB used.

Virtual space:
  Non-class space:      128.00 MB reserved,      78.25 MB ( 61%) committed,  2 nodes.
      Class space:        1.00 GB reserved,       9.06 MB ( <1%) committed,  1 nodes.
             Both:        1.12 GB reserved,      87.31 MB (  8%) committed. 

Chunk freelists:
   Non-Class:  1.55 MB
       Class:  6.94 MB
        Both:  8.49 MB

MaxMetaspaceSize: unlimited
CompressedClassSpaceSize: 1.00 GB
Initial GC threshold: 21.00 MB
Current GC threshold: 143.69 MB
CDS: on
 - commit_granule_bytes: 65536.
 - commit_granule_words: 8192.
 - virtual_space_node_default_size: 8388608.
 - enlarge_chunks_in_place: 1.
 - use_allocation_guard: 0.


Internal statistics:

num_allocs_failed_limit: 9.
num_arena_births: 2048.
num_arena_deaths: 570.
num_vsnodes_births: 3.
num_vsnodes_deaths: 0.
num_space_committed: 1397.
num_space_uncommitted: 0.
num_chunks_returned_to_freelist: 709.
num_chunks_taken_from_freelist: 6953.
num_chunk_merges: 201.
num_chunk_splits: 3875.
num_chunks_enlarged: 2045.
num_inconsistent_stats: 0.

CodeHeap 'non-profiled nmethods': size=120000Kb used=25066Kb max_used=28207Kb free=94934Kb
 bounds [0x000001a399030000, 0x000001a39abc0000, 0x000001a3a0560000]
CodeHeap 'profiled nmethods': size=120000Kb used=47746Kb max_used=57908Kb free=72253Kb
 bounds [0x000001a391560000, 0x000001a394df0000, 0x000001a398a90000]
CodeHeap 'non-nmethods': size=5760Kb used=1496Kb max_used=1587Kb free=4263Kb
 bounds [0x000001a398a90000, 0x000001a398d00000, 0x000001a399030000]
CodeCache: size=245760Kb, used=74308Kb, max_used=87702Kb, free=171450Kb
 total_blobs=21429, nmethods=20622, adapters=706, full_count=0
Compilation: enabled, stopped_count=0, restarted_count=0

Compilation events (20 events):
Event: 18655.081 Thread 0x000001a3a4dc40a0 28005       3       org.eclipse.jdt.internal.core.JavaProject::getOutputLocation (37 bytes)
Event: 18655.206 Thread 0x000001a3a4dc40a0 nmethod 28005 0x000001a391c02e10 code [0x000001a391c03020, 0x000001a391c036a0]
Event: 18655.230 Thread 0x000001a3a4d53580 28006       4       org.eclipse.jdt.internal.core.JavaProject::computeExpandedClasspath (382 bytes)
Event: 18655.663 Thread 0x000001a3a4d53580 nmethod 28006 0x000001a3990bb590 code [0x000001a3990bb980, 0x000001a3990bd978]
Event: 18655.782 Thread 0x000001a3a4dc40a0 28007       3       java.util.Properties::enumerateStringProperties (97 bytes)
Event: 18655.861 Thread 0x000001a3a4dc40a0 nmethod 28007 0x000001a393aaa110 code [0x000001a393aaa380, 0x000001a393aab070]
Event: 18655.932 Thread 0x000001a3a4dc40a0 28009       3       org.codehaus.plexus.util.MatchPatterns::from (39 bytes)
Event: 18655.940 Thread 0x000001a3a4dc40a0 nmethod 28009 0x000001a3917fa810 code [0x000001a3917faa00, 0x000001a3917fb000]
Event: 18655.955 Thread 0x000001a3a4d53580 28010       4       java.util.regex.Pattern$$Lambda/0x800000032::is (13 bytes)
Event: 18655.960 Thread 0x000001a3a4d53580 nmethod 28010 0x000001a399386a10 code [0x000001a399386bc0, 0x000001a399386d68]
Event: 18671.476 Thread 0x000001a3a4dc40a0 28011       3       org.eclipse.core.internal.resources.Resource::isHidden (51 bytes)
Event: 18671.590 Thread 0x000001a3a4dc40a0 nmethod 28011 0x000001a39226ca10 code [0x000001a39226cc20, 0x000001a39226d3e8]
Event: 18671.848 Thread 0x000001a3a4dc40a0 28012       3       org.eclipse.core.internal.resources.Resource::isTeamPrivateMember (51 bytes)
Event: 18671.850 Thread 0x000001a3a4dc40a0 nmethod 28012 0x000001a3922b2b10 code [0x000001a3922b2d20, 0x000001a3922b34e8]
Event: 18672.342 Thread 0x000001a3a4dc40a0 28013       3       org.eclipse.jdt.internal.core.builder.ClasspathDirectory::<init> (83 bytes)
Event: 18672.401 Thread 0x000001a3a4dc40a0 nmethod 28013 0x000001a392045a10 code [0x000001a392045c20, 0x000001a392046438]
Event: 18672.704 Thread 0x000001a3a4d53580 28014  s    4       java.io.FileDescriptor::attach (73 bytes)
Event: 18672.747 Thread 0x000001a3a4d53580 nmethod 28014 0x000001a399455090 code [0x000001a399455220, 0x000001a399455430]
Event: 18673.230 Thread 0x000001a3a4dc40a0 28015       3       org.eclipse.core.internal.dtree.DeltaDataTree::copyCompleteSubtree (34 bytes)
Event: 18673.282 Thread 0x000001a3a4dc40a0 nmethod 28015 0x000001a392e31910 code [0x000001a392e31b60, 0x000001a392e322d8]

GC Heap History (20 events):
Event: 17144.183 GC heap before
{Heap before GC invocations=2876 (full 6):
 PSYoungGen      total 10752K, used 10611K [0x00000000d5580000, 0x00000000d6c00000, 0x0000000100000000)
  eden space 9728K, 98% used [0x00000000d5580000,0x00000000d5ee2128,0x00000000d5f00000)
  from space 1024K, 98% used [0x00000000d5f80000,0x00000000d607ae20,0x00000000d6080000)
  to   space 6656K, 0% used [0x00000000d6580000,0x00000000d6580000,0x00000000d6c00000)
 ParOldGen       total 1318400K, used 223043K [0x0000000080000000, 0x00000000d0780000, 0x00000000d5580000)
  object space 1318400K, 16% used [0x0000000080000000,0x000000008d9d0c78,0x00000000d0780000)
 Metaspace       used 87563K, committed 89216K, reserved 1179648K
  class space    used 8577K, committed 9280K, reserved 1048576K
}
Event: 17144.227 GC heap after
{Heap after GC invocations=2876 (full 6):
 PSYoungGen      total 14848K, used 4628K [0x00000000d5580000, 0x00000000d6a80000, 0x0000000100000000)
  eden space 9728K, 0% used [0x00000000d5580000,0x00000000d5580000,0x00000000d5f00000)
  from space 5120K, 90% used [0x00000000d6580000,0x00000000d6a05000,0x00000000d6a80000)
  to   space 5120K, 0% used [0x00000000d6080000,0x00000000d6080000,0x00000000d6580000)
 ParOldGen       total 1318400K, used 224426K [0x0000000080000000, 0x00000000d0780000, 0x00000000d5580000)
  object space 1318400K, 17% used [0x0000000080000000,0x000000008db2a8c8,0x00000000d0780000)
 Metaspace       used 87563K, committed 89216K, reserved 1179648K
  class space    used 8577K, committed 9280K, reserved 1048576K
}
Event: 17144.817 GC heap before
{Heap before GC invocations=2877 (full 6):
 PSYoungGen      total 14848K, used 14356K [0x00000000d5580000, 0x00000000d6a80000, 0x0000000100000000)
  eden space 9728K, 100% used [0x00000000d5580000,0x00000000d5f00000,0x00000000d5f00000)
  from space 5120K, 90% used [0x00000000d6580000,0x00000000d6a05000,0x00000000d6a80000)
  to   space 5120K, 0% used [0x00000000d6080000,0x00000000d6080000,0x00000000d6580000)
 ParOldGen       total 1318400K, used 224426K [0x0000000080000000, 0x00000000d0780000, 0x00000000d5580000)
  object space 1318400K, 17% used [0x0000000080000000,0x000000008db2a8c8,0x00000000d0780000)
 Metaspace       used 87563K, committed 89216K, reserved 1179648K
  class space    used 8577K, committed 9280K, reserved 1048576K
}
Event: 17144.867 GC heap after
{Heap after GC invocations=2877 (full 6):
 PSYoungGen      total 13824K, used 3759K [0x00000000d5580000, 0x00000000d6800000, 0x0000000100000000)
  eden space 9728K, 0% used [0x00000000d5580000,0x00000000d5580000,0x00000000d5f00000)
  from space 4096K, 91% used [0x00000000d6080000,0x00000000d642bd30,0x00000000d6480000)
  to   space 3584K, 0% used [0x00000000d6480000,0x00000000d6480000,0x00000000d6800000)
 ParOldGen       total 1318400K, used 228514K [0x0000000080000000, 0x00000000d0780000, 0x00000000d5580000)
  object space 1318400K, 17% used [0x0000000080000000,0x000000008df288c8,0x00000000d0780000)
 Metaspace       used 87563K, committed 89216K, reserved 1179648K
  class space    used 8577K, committed 9280K, reserved 1048576K
}
Event: 17145.866 GC heap before
{Heap before GC invocations=2878 (full 6):
 PSYoungGen      total 13824K, used 13487K [0x00000000d5580000, 0x00000000d6800000, 0x0000000100000000)
  eden space 9728K, 100% used [0x00000000d5580000,0x00000000d5f00000,0x00000000d5f00000)
  from space 4096K, 91% used [0x00000000d6080000,0x00000000d642bd30,0x00000000d6480000)
  to   space 3584K, 0% used [0x00000000d6480000,0x00000000d6480000,0x00000000d6800000)
 ParOldGen       total 1318400K, used 228514K [0x0000000080000000, 0x00000000d0780000, 0x00000000d5580000)
  object space 1318400K, 17% used [0x0000000080000000,0x000000008df288c8,0x00000000d0780000)
 Metaspace       used 87563K, committed 89216K, reserved 1179648K
  class space    used 8577K, committed 9280K, reserved 1048576K
}
Event: 17145.899 GC heap after
{Heap after GC invocations=2878 (full 6):
 PSYoungGen      total 10240K, used 3568K [0x00000000d5580000, 0x00000000d7000000, 0x0000000100000000)
  eden space 6656K, 0% used [0x00000000d5580000,0x00000000d5580000,0x00000000d5c00000)
  from space 3584K, 99% used [0x00000000d6480000,0x00000000d67fc020,0x00000000d6800000)
  to   space 8704K, 0% used [0x00000000d5c00000,0x00000000d5c00000,0x00000000d6480000)
 ParOldGen       total 1318400K, used 232801K [0x0000000080000000, 0x00000000d0780000, 0x00000000d5580000)
  object space 1318400K, 17% used [0x0000000080000000,0x000000008e3585f8,0x00000000d0780000)
 Metaspace       used 87563K, committed 89216K, reserved 1179648K
  class space    used 8577K, committed 9280K, reserved 1048576K
}
Event: 17162.520 GC heap before
{Heap before GC invocations=2879 (full 6):
 PSYoungGen      total 10240K, used 10224K [0x00000000d5580000, 0x00000000d7000000, 0x0000000100000000)
  eden space 6656K, 100% used [0x00000000d5580000,0x00000000d5c00000,0x00000000d5c00000)
  from space 3584K, 99% used [0x00000000d6480000,0x00000000d67fc020,0x00000000d6800000)
  to   space 8704K, 0% used [0x00000000d5c00000,0x00000000d5c00000,0x00000000d6480000)
 ParOldGen       total 1318400K, used 232801K [0x0000000080000000, 0x00000000d0780000, 0x00000000d5580000)
  object space 1318400K, 17% used [0x0000000080000000,0x000000008e3585f8,0x00000000d0780000)
 Metaspace       used 87567K, committed 89216K, reserved 1179648K
  class space    used 8577K, committed 9280K, reserved 1048576K
}
Event: 17162.716 GC heap after
{Heap after GC invocations=2879 (full 6):
 PSYoungGen      total 7168K, used 192K [0x00000000d5580000, 0x00000000d6500000, 0x0000000100000000)
  eden space 6656K, 0% used [0x00000000d5580000,0x00000000d5580000,0x00000000d5c00000)
  from space 512K, 37% used [0x00000000d5c00000,0x00000000d5c30000,0x00000000d5c80000)
  to   space 3072K, 0% used [0x00000000d6200000,0x00000000d6200000,0x00000000d6500000)
 ParOldGen       total 1318400K, used 236308K [0x0000000080000000, 0x00000000d0780000, 0x00000000d5580000)
  object space 1318400K, 17% used [0x0000000080000000,0x000000008e6c5328,0x00000000d0780000)
 Metaspace       used 87567K, committed 89216K, reserved 1179648K
  class space    used 8577K, committed 9280K, reserved 1048576K
}
Event: 17164.064 GC heap before
{Heap before GC invocations=2880 (full 6):
 PSYoungGen      total 7168K, used 6846K [0x00000000d5580000, 0x00000000d6500000, 0x0000000100000000)
  eden space 6656K, 99% used [0x00000000d5580000,0x00000000d5bff838,0x00000000d5c00000)
  from space 512K, 37% used [0x00000000d5c00000,0x00000000d5c30000,0x00000000d5c80000)
  to   space 3072K, 0% used [0x00000000d6200000,0x00000000d6200000,0x00000000d6500000)
 ParOldGen       total 1318400K, used 236308K [0x0000000080000000, 0x00000000d0780000, 0x00000000d5580000)
  object space 1318400K, 17% used [0x0000000080000000,0x000000008e6c5328,0x00000000d0780000)
 Metaspace       used 87571K, committed 89216K, reserved 1179648K
  class space    used 8577K, committed 9280K, reserved 1048576K
}
Event: 17164.071 GC heap after
{Heap after GC invocations=2880 (full 6):
 PSYoungGen      total 7168K, used 224K [0x00000000d5580000, 0x00000000d6280000, 0x0000000100000000)
  eden space 6656K, 0% used [0x00000000d5580000,0x00000000d5580000,0x00000000d5c00000)
  from space 512K, 43% used [0x00000000d6200000,0x00000000d6238000,0x00000000d6280000)
  to   space 1024K, 0% used [0x00000000d6080000,0x00000000d6080000,0x00000000d6180000)
 ParOldGen       total 1318400K, used 236372K [0x0000000080000000, 0x00000000d0780000, 0x00000000d5580000)
  object space 1318400K, 17% used [0x0000000080000000,0x000000008e6d5328,0x00000000d0780000)
 Metaspace       used 87571K, committed 89216K, reserved 1179648K
  class space    used 8577K, committed 9280K, reserved 1048576K
}
Event: 18604.057 GC heap before
{Heap before GC invocations=2881 (full 6):
 PSYoungGen      total 7168K, used 6880K [0x00000000d5580000, 0x00000000d6280000, 0x0000000100000000)
  eden space 6656K, 100% used [0x00000000d5580000,0x00000000d5c00000,0x00000000d5c00000)
  from space 512K, 43% used [0x00000000d6200000,0x00000000d6238000,0x00000000d6280000)
  to   space 1024K, 0% used [0x00000000d6080000,0x00000000d6080000,0x00000000d6180000)
 ParOldGen       total 1318400K, used 236372K [0x0000000080000000, 0x00000000d0780000, 0x00000000d5580000)
  object space 1318400K, 17% used [0x0000000080000000,0x000000008e6d5328,0x00000000d0780000)
 Metaspace       used 87684K, committed 89344K, reserved 1179648K
  class space    used 8594K, committed 9280K, reserved 1048576K
}
Event: 18604.338 GC heap after
{Heap after GC invocations=2881 (full 6):
 PSYoungGen      total 7680K, used 384K [0x00000000d5580000, 0x00000000d6280000, 0x0000000100000000)
  eden space 6656K, 0% used [0x00000000d5580000,0x00000000d5580000,0x00000000d5c00000)
  from space 1024K, 37% used [0x00000000d6080000,0x00000000d60e0000,0x00000000d6180000)
  to   space 512K, 0% used [0x00000000d6200000,0x00000000d6200000,0x00000000d6280000)
 ParOldGen       total 1318400K, used 236404K [0x0000000080000000, 0x00000000d0780000, 0x00000000d5580000)
  object space 1318400K, 17% used [0x0000000080000000,0x000000008e6dd328,0x00000000d0780000)
 Metaspace       used 87684K, committed 89344K, reserved 1179648K
  class space    used 8594K, committed 9280K, reserved 1048576K
}
Event: 18608.104 GC heap before
{Heap before GC invocations=2882 (full 6):
 PSYoungGen      total 7680K, used 6925K [0x00000000d5580000, 0x00000000d6280000, 0x0000000100000000)
  eden space 6656K, 98% used [0x00000000d5580000,0x00000000d5be3440,0x00000000d5c00000)
  from space 1024K, 37% used [0x00000000d6080000,0x00000000d60e0000,0x00000000d6180000)
  to   space 512K, 0% used [0x00000000d6200000,0x00000000d6200000,0x00000000d6280000)
 ParOldGen       total 1318400K, used 236404K [0x0000000080000000, 0x00000000d0780000, 0x00000000d5580000)
  object space 1318400K, 17% used [0x0000000080000000,0x000000008e6dd328,0x00000000d0780000)
 Metaspace       used 87692K, committed 89344K, reserved 1179648K
  class space    used 8594K, committed 9280K, reserved 1048576K
}
Event: 18608.113 GC heap after
{Heap after GC invocations=2882 (full 6):
 PSYoungGen      total 7168K, used 128K [0x00000000d5580000, 0x00000000d6280000, 0x0000000100000000)
  eden space 6656K, 0% used [0x00000000d5580000,0x00000000d5580000,0x00000000d5c00000)
  from space 512K, 25% used [0x00000000d6200000,0x00000000d6220000,0x00000000d6280000)
  to   space 512K, 0% used [0x00000000d6180000,0x00000000d6180000,0x00000000d6200000)
 ParOldGen       total 1318400K, used 236708K [0x0000000080000000, 0x00000000d0780000, 0x00000000d5580000)
  object space 1318400K, 17% used [0x0000000080000000,0x000000008e729328,0x00000000d0780000)
 Metaspace       used 87692K, committed 89344K, reserved 1179648K
  class space    used 8594K, committed 9280K, reserved 1048576K
}
Event: 18609.611 GC heap before
{Heap before GC invocations=2883 (full 6):
 PSYoungGen      total 7168K, used 6784K [0x00000000d5580000, 0x00000000d6280000, 0x0000000100000000)
  eden space 6656K, 100% used [0x00000000d5580000,0x00000000d5c00000,0x00000000d5c00000)
  from space 512K, 25% used [0x00000000d6200000,0x00000000d6220000,0x00000000d6280000)
  to   space 512K, 0% used [0x00000000d6180000,0x00000000d6180000,0x00000000d6200000)
 ParOldGen       total 1318400K, used 236708K [0x0000000080000000, 0x00000000d0780000, 0x00000000d5580000)
  object space 1318400K, 17% used [0x0000000080000000,0x000000008e729328,0x00000000d0780000)
 Metaspace       used 87697K, committed 89408K, reserved 1179648K
  class space    used 8594K, committed 9280K, reserved 1048576K
}
Event: 18609.618 GC heap after
{Heap after GC invocations=2883 (full 6):
 PSYoungGen      total 7168K, used 160K [0x00000000d5580000, 0x00000000d6280000, 0x0000000100000000)
  eden space 6656K, 0% used [0x00000000d5580000,0x00000000d5580000,0x00000000d5c00000)
  from space 512K, 31% used [0x00000000d6180000,0x00000000d61a8000,0x00000000d6200000)
  to   space 512K, 0% used [0x00000000d6200000,0x00000000d6200000,0x00000000d6280000)
 ParOldGen       total 1318400K, used 236740K [0x0000000080000000, 0x00000000d0780000, 0x00000000d5580000)
  object space 1318400K, 17% used [0x0000000080000000,0x000000008e731328,0x00000000d0780000)
 Metaspace       used 87697K, committed 89408K, reserved 1179648K
  class space    used 8594K, committed 9280K, reserved 1048576K
}
Event: 18654.839 GC heap before
{Heap before GC invocations=2884 (full 6):
 PSYoungGen      total 7168K, used 6810K [0x00000000d5580000, 0x00000000d6280000, 0x0000000100000000)
  eden space 6656K, 99% used [0x00000000d5580000,0x00000000d5bfea80,0x00000000d5c00000)
  from space 512K, 31% used [0x00000000d6180000,0x00000000d61a8000,0x00000000d6200000)
  to   space 512K, 0% used [0x00000000d6200000,0x00000000d6200000,0x00000000d6280000)
 ParOldGen       total 1318400K, used 236740K [0x0000000080000000, 0x00000000d0780000, 0x00000000d5580000)
  object space 1318400K, 17% used [0x0000000080000000,0x000000008e731328,0x00000000d0780000)
 Metaspace       used 87700K, committed 89408K, reserved 1179648K
  class space    used 8594K, committed 9280K, reserved 1048576K
}
Event: 18655.051 GC heap after
{Heap after GC invocations=2884 (full 6):
 PSYoungGen      total 7168K, used 256K [0x00000000d5580000, 0x00000000d6280000, 0x0000000100000000)
  eden space 6656K, 0% used [0x00000000d5580000,0x00000000d5580000,0x00000000d5c00000)
  from space 512K, 50% used [0x00000000d6200000,0x00000000d6240000,0x00000000d6280000)
  to   space 512K, 0% used [0x00000000d6180000,0x00000000d6180000,0x00000000d6200000)
 ParOldGen       total 1318400K, used 236788K [0x0000000080000000, 0x00000000d0780000, 0x00000000d5580000)
  object space 1318400K, 17% used [0x0000000080000000,0x000000008e73d328,0x00000000d0780000)
 Metaspace       used 87700K, committed 89408K, reserved 1179648K
  class space    used 8594K, committed 9280K, reserved 1048576K
}
Event: 18656.023 GC heap before
{Heap before GC invocations=2885 (full 6):
 PSYoungGen      total 7168K, used 6911K [0x00000000d5580000, 0x00000000d6280000, 0x0000000100000000)
  eden space 6656K, 99% used [0x00000000d5580000,0x00000000d5bfffe0,0x00000000d5c00000)
  from space 512K, 50% used [0x00000000d6200000,0x00000000d6240000,0x00000000d6280000)
  to   space 512K, 0% used [0x00000000d6180000,0x00000000d6180000,0x00000000d6200000)
 ParOldGen       total 1318400K, used 236788K [0x0000000080000000, 0x00000000d0780000, 0x00000000d5580000)
  object space 1318400K, 17% used [0x0000000080000000,0x000000008e73d328,0x00000000d0780000)
 Metaspace       used 87702K, committed 89408K, reserved 1179648K
  class space    used 8594K, committed 9280K, reserved 1048576K
}
Event: 18656.028 GC heap after
{Heap after GC invocations=2885 (full 6):
 PSYoungGen      total 7168K, used 320K [0x00000000d5580000, 0x00000000d6280000, 0x0000000100000000)
  eden space 6656K, 0% used [0x00000000d5580000,0x00000000d5580000,0x00000000d5c00000)
  from space 512K, 62% used [0x00000000d6180000,0x00000000d61d0000,0x00000000d6200000)
  to   space 512K, 0% used [0x00000000d6200000,0x00000000d6200000,0x00000000d6280000)
 ParOldGen       total 1318400K, used 236852K [0x0000000080000000, 0x00000000d0780000, 0x00000000d5580000)
  object space 1318400K, 17% used [0x0000000080000000,0x000000008e74d328,0x00000000d0780000)
 Metaspace       used 87702K, committed 89408K, reserved 1179648K
  class space    used 8594K, committed 9280K, reserved 1048576K
}

Dll operation events (11 events):
Event: 0.016 Loaded shared library c:\Users\tuanl\.vscode\extensions\redhat.java-1.47.0-win32-x64\jre\21.0.8-win32-x86_64\bin\java.dll
Event: 0.189 Loaded shared library c:\Users\tuanl\.vscode\extensions\redhat.java-1.47.0-win32-x64\jre\21.0.8-win32-x86_64\bin\zip.dll
Event: 0.210 Loaded shared library C:\Users\tuanl\.vscode\extensions\redhat.java-1.47.0-win32-x64\jre\21.0.8-win32-x86_64\bin\instrument.dll
Event: 0.217 Loaded shared library C:\Users\tuanl\.vscode\extensions\redhat.java-1.47.0-win32-x64\jre\21.0.8-win32-x86_64\bin\net.dll
Event: 0.289 Loaded shared library C:\Users\tuanl\.vscode\extensions\redhat.java-1.47.0-win32-x64\jre\21.0.8-win32-x86_64\bin\nio.dll
Event: 0.292 Loaded shared library C:\Users\tuanl\.vscode\extensions\redhat.java-1.47.0-win32-x64\jre\21.0.8-win32-x86_64\bin\zip.dll
Event: 0.313 Loaded shared library C:\Users\tuanl\.vscode\extensions\redhat.java-1.47.0-win32-x64\jre\21.0.8-win32-x86_64\bin\jimage.dll
Event: 0.868 Loaded shared library c:\Users\tuanl\.vscode\extensions\redhat.java-1.47.0-win32-x64\jre\21.0.8-win32-x86_64\bin\verify.dll
Event: 22.378 Loaded shared library C:\Users\tuanl\AppData\Roaming\Code\User\globalStorage\redhat.java\1.47.0\config_win\org.eclipse.equinox.launcher\org.eclipse.equinox.launcher.win32.win32.x86_64_1.2.1400.v20250801-0854\eclipse_11916.dll
Event: 51.684 Loaded shared library C:\Users\tuanl\AppData\Local\Temp\jna-110710718\jna10402553950398317174.dll
Event: 1342.634 Loaded shared library C:\Users\tuanl\.vscode\extensions\redhat.java-1.47.0-win32-x64\jre\21.0.8-win32-x86_64\bin\sunmscapi.dll

Deoptimization events (20 events):
Event: 18610.028 Thread 0x000001a3edca7c10 DEOPT PACKING pc=0x000001a3999d4e08 sp=0x0000007f598fec00
Event: 18610.028 Thread 0x000001a3edca7c10 DEOPT UNPACKING pc=0x000001a398ae6da2 sp=0x0000007f598fe9d0 mode 2
Event: 18654.530 Thread 0x000001a3eeea2960 Uncommon trap: trap_request=0xffffffd6 fr.pc=0x000001a39a08e28c relative=0x00000000000035ac
Event: 18654.535 Thread 0x000001a3eeea2960 Uncommon trap: reason=array_check action=maybe_recompile pc=0x000001a39a08e28c method=org.eclipse.core.internal.events.NodeIDMap.put(JLorg/eclipse/core/runtime/IPath;Lorg/eclipse/core/runtime/IPath;)V @ 99 c2
Event: 18654.536 Thread 0x000001a3eeea2960 DEOPT PACKING pc=0x000001a39a08e28c sp=0x0000007f58bfe940
Event: 18654.539 Thread 0x000001a3eeea2960 DEOPT UNPACKING pc=0x000001a398ae6da2 sp=0x0000007f58bfe710 mode 2
Event: 18654.540 Thread 0x000001a3eeea2960 Uncommon trap: trap_request=0xffffffd6 fr.pc=0x000001a39a08ddb4 relative=0x00000000000030d4
Event: 18654.540 Thread 0x000001a3eeea2960 Uncommon trap: reason=array_check action=maybe_recompile pc=0x000001a39a08ddb4 method=org.eclipse.core.internal.events.NodeIDMap.put(JLorg/eclipse/core/runtime/IPath;Lorg/eclipse/core/runtime/IPath;)V @ 99 c2
Event: 18654.540 Thread 0x000001a3eeea2960 DEOPT PACKING pc=0x000001a39a08ddb4 sp=0x0000007f58bfe7b0
Event: 18654.543 Thread 0x000001a3eeea2960 DEOPT UNPACKING pc=0x000001a398ae6da2 sp=0x0000007f58bfe650 mode 2
Event: 18655.230 Thread 0x000001a3eeea2960 DEOPT PACKING pc=0x000001a39164d710 sp=0x0000007f58bfec50
Event: 18655.232 Thread 0x000001a3eeea2960 DEOPT UNPACKING pc=0x000001a398ae78e2 sp=0x0000007f58bfe108 mode 0
Event: 18656.001 Thread 0x000001a3eeea2960 Uncommon trap: trap_request=0xffffffd6 fr.pc=0x000001a399d4f004 relative=0x00000000000007e4
Event: 18656.001 Thread 0x000001a3eeea2960 Uncommon trap: reason=array_check action=maybe_recompile pc=0x000001a399d4f004 method=java.util.ComparableTimSort.reverseRange([Ljava/lang/Object;II)V @ 20 c2
Event: 18656.002 Thread 0x000001a3eeea2960 DEOPT PACKING pc=0x000001a399d4f004 sp=0x0000007f58bfe0f0
Event: 18656.002 Thread 0x000001a3eeea2960 DEOPT UNPACKING pc=0x000001a398ae6da2 sp=0x0000007f58bfe008 mode 2
Event: 18656.019 Thread 0x000001a3eeea2960 Uncommon trap: trap_request=0xffffffd6 fr.pc=0x000001a399d4f004 relative=0x00000000000007e4
Event: 18656.019 Thread 0x000001a3eeea2960 Uncommon trap: reason=array_check action=maybe_recompile pc=0x000001a399d4f004 method=java.util.ComparableTimSort.reverseRange([Ljava/lang/Object;II)V @ 20 c2
Event: 18656.019 Thread 0x000001a3eeea2960 DEOPT PACKING pc=0x000001a399d4f004 sp=0x0000007f58bfe0f0
Event: 18656.019 Thread 0x000001a3eeea2960 DEOPT UNPACKING pc=0x000001a398ae6da2 sp=0x0000007f58bfe008 mode 2

Classes loaded (20 events):
Event: 3640.076 Loading class java/lang/StringLatin1$CharsSpliterator
Event: 3640.248 Loading class java/lang/StringLatin1$CharsSpliterator done
Event: 3695.990 Loading class java/util/stream/ReduceOps$5
Event: 3696.040 Loading class java/util/stream/ReduceOps$5 done
Event: 3696.041 Loading class java/util/stream/ReduceOps$CountingSink$OfRef
Event: 3696.045 Loading class java/util/stream/ReduceOps$CountingSink
Event: 3696.059 Loading class java/util/stream/ReduceOps$CountingSink done
Event: 3696.059 Loading class java/util/stream/ReduceOps$CountingSink$OfRef done
Event: 4271.992 Loading class java/io/CharArrayReader
Event: 4271.994 Loading class java/io/CharArrayReader done
Event: 4271.995 Loading class java/util/regex/Pattern$Bound
Event: 4271.996 Loading class java/util/regex/Pattern$Bound done
Event: 10743.551 Loading class java/nio/channels/CompletionHandler
Event: 10743.723 Loading class java/nio/channels/CompletionHandler done
Event: 17094.299 Loading class java/util/concurrent/ConcurrentHashMap$TreeNode
Event: 17094.312 Loading class java/util/concurrent/ConcurrentHashMap$TreeNode done
Event: 17094.314 Loading class java/util/concurrent/ConcurrentHashMap$TreeBin
Event: 17094.332 Loading class java/util/concurrent/ConcurrentHashMap$TreeBin done
Event: 17114.857 Loading class java/util/Spliterators$IntArraySpliterator
Event: 17114.876 Loading class java/util/Spliterators$IntArraySpliterator done

Classes unloaded (20 events):
Event: 17063.502 Thread 0x000001a38e42c700 Unloading class 0x000001a3a6294800 'jdk/internal/reflect/GeneratedSerializationConstructorAccessor2'
Event: 17063.502 Thread 0x000001a38e42c700 Unloading class 0x000001a3a6294400 'jdk/internal/reflect/GeneratedSerializationConstructorAccessor1'
Event: 17063.502 Thread 0x000001a38e42c700 Unloading class 0x000001a3a6229400 'java/lang/invoke/LambdaForm$MH+0x000001a3a6229400'
Event: 17063.502 Thread 0x000001a38e42c700 Unloading class 0x000001a3a6229000 'java/lang/invoke/LambdaForm$MH+0x000001a3a6229000'
Event: 17063.502 Thread 0x000001a38e42c700 Unloading class 0x000001a3a6228c00 'java/lang/invoke/LambdaForm$MH+0x000001a3a6228c00'
Event: 17063.502 Thread 0x000001a38e42c700 Unloading class 0x000001a3a6220400 'java/lang/invoke/LambdaForm$BMH+0x000001a3a6220400'
Event: 17063.503 Thread 0x000001a38e42c700 Unloading class 0x000001a3a617c800 'java/lang/invoke/LambdaForm$MH+0x000001a3a617c800'
Event: 17063.503 Thread 0x000001a38e42c700 Unloading class 0x000001a3a6178800 'java/lang/invoke/LambdaForm$MH+0x000001a3a6178800'
Event: 17063.503 Thread 0x000001a38e42c700 Unloading class 0x000001a3a6178000 'java/lang/invoke/LambdaForm$MH+0x000001a3a6178000'
Event: 17063.503 Thread 0x000001a38e42c700 Unloading class 0x000001a3a601f800 'java/lang/invoke/LambdaForm$MH+0x000001a3a601f800'
Event: 17063.504 Thread 0x000001a38e42c700 Unloading class 0x000001a3a601e800 'java/lang/invoke/LambdaForm$MH+0x000001a3a601e800'
Event: 17063.504 Thread 0x000001a38e42c700 Unloading class 0x000001a3a601e400 'java/lang/invoke/LambdaForm$MH+0x000001a3a601e400'
Event: 17063.504 Thread 0x000001a38e42c700 Unloading class 0x000001a3a601dc00 'java/lang/invoke/LambdaForm$MH+0x000001a3a601dc00'
Event: 17063.504 Thread 0x000001a38e42c700 Unloading class 0x000001a3a6019400 'java/lang/invoke/LambdaForm$MH+0x000001a3a6019400'
Event: 17063.505 Thread 0x000001a38e42c700 Unloading class 0x000001a3a6018400 'java/lang/invoke/LambdaForm$MH+0x000001a3a6018400'
Event: 17063.505 Thread 0x000001a38e42c700 Unloading class 0x000001a3a6018000 'java/lang/invoke/LambdaForm$MH+0x000001a3a6018000'
Event: 17063.505 Thread 0x000001a38e42c700 Unloading class 0x000001a3a6017400 'java/lang/invoke/LambdaForm$MH+0x000001a3a6017400'
Event: 17063.505 Thread 0x000001a38e42c700 Unloading class 0x000001a3a6016400 'java/lang/invoke/LambdaForm$MH+0x000001a3a6016400'
Event: 17063.505 Thread 0x000001a38e42c700 Unloading class 0x000001a3a6014800 'java/lang/invoke/LambdaForm$MH+0x000001a3a6014800'
Event: 17063.505 Thread 0x000001a38e42c700 Unloading class 0x000001a3a6000400 'java/lang/invoke/LambdaForm$MH+0x000001a3a6000400'

Classes redefined (0 events):
No events

Internal exceptions (20 events):
Event: 17122.410 Thread 0x000001a3eee9e130 Exception <a 'java/lang/ArrayIndexOutOfBoundsException'{0x00000000d55b4210}> (0x00000000d55b4210) 
thrown [s\src\hotspot\share\runtime\sharedRuntime.cpp, line 625]
Event: 17122.410 Thread 0x000001a3eee9e130 Exception <a 'java/lang/ArrayIndexOutOfBoundsException'{0x00000000d55be628}> (0x00000000d55be628) 
thrown [s\src\hotspot\share\runtime\sharedRuntime.cpp, line 625]
Event: 17124.802 Thread 0x000001a3eeea2ff0 Exception <a 'java/lang/ArrayIndexOutOfBoundsException'{0x00000000d5626a78}> (0x00000000d5626a78) 
thrown [s\src\hotspot\share\runtime\sharedRuntime.cpp, line 625]
Event: 17124.839 Thread 0x000001a3eeea2ff0 Exception <a 'java/lang/ArrayIndexOutOfBoundsException'{0x00000000d5630c20}> (0x00000000d5630c20) 
thrown [s\src\hotspot\share\runtime\sharedRuntime.cpp, line 625]
Event: 17125.332 Thread 0x000001a3eee9cd80 Exception <a 'java/lang/ArrayIndexOutOfBoundsException'{0x00000000d5685ec8}> (0x00000000d5685ec8) 
thrown [s\src\hotspot\share\runtime\sharedRuntime.cpp, line 625]
Event: 17125.333 Thread 0x000001a3eee9cd80 Exception <a 'java/lang/ArrayIndexOutOfBoundsException'{0x00000000d569b240}> (0x00000000d569b240) 
thrown [s\src\hotspot\share\runtime\sharedRuntime.cpp, line 625]
Event: 17125.592 Thread 0x000001a3eee9e130 Exception <a 'java/lang/ArrayIndexOutOfBoundsException'{0x00000000d57bd838}> (0x00000000d57bd838) 
thrown [s\src\hotspot\share\runtime\sharedRuntime.cpp, line 625]
Event: 17125.593 Thread 0x000001a3eee9e130 Exception <a 'java/lang/ArrayIndexOutOfBoundsException'{0x00000000d57c79e8}> (0x00000000d57c79e8) 
thrown [s\src\hotspot\share\runtime\sharedRuntime.cpp, line 625]
Event: 17142.563 Thread 0x000001a3ebeb1140 Exception <a 'sun/nio/fs/WindowsException'{0x00000000d5699b40}> (0x00000000d5699b40) 
thrown [s\src\hotspot\share\prims\jni.cpp, line 520]
Event: 17145.491 Thread 0x000001a3ebeb1140 Exception <a 'sun/nio/fs/WindowsException'{0x00000000d59e9638}> (0x00000000d59e9638) 
thrown [s\src\hotspot\share\prims\jni.cpp, line 520]
Event: 17232.867 Thread 0x000001a3edca7c10 Exception <a 'sun/nio/fs/WindowsException'{0x00000000d597a780}> (0x00000000d597a780) 
thrown [s\src\hotspot\share\prims\jni.cpp, line 520]
Event: 17232.871 Thread 0x000001a3edca7c10 Exception <a 'sun/nio/fs/WindowsException'{0x00000000d597b048}> (0x00000000d597b048) 
thrown [s\src\hotspot\share\prims\jni.cpp, line 520]
Event: 17233.497 Thread 0x000001a3edca7c10 Exception <a 'java/lang/NoSuchMethodError'{0x00000000d5ae7e98}: static Lorg/eclipse/m2e/core/internal/lifecyclemapping/model/PluginExecutionMetadata;.<clinit>()V> (0x00000000d5ae7e98) 
thrown [s\src\hotspot\share\prims\jni.cpp, line 1111]
Event: 17233.526 Thread 0x000001a3edca7c10 Exception <a 'java/lang/NoSuchMethodError'{0x00000000d5b0a9f8}: static Lorg/eclipse/m2e/core/internal/lifecyclemapping/model/PluginExecutionFilter;.<clinit>()V> (0x00000000d5b0a9f8) 
thrown [s\src\hotspot\share\prims\jni.cpp, line 1111]
Event: 17233.531 Thread 0x000001a3edca7c10 Exception <a 'java/lang/NoSuchMethodError'{0x00000000d5b22690}: static Lorg/eclipse/m2e/core/internal/project/registry/MavenProjectFacade$MavenProjectConfiguration;.<clinit>()V> (0x00000000d5b22690) 
thrown [s\src\hotspot\share\prims\jni.cpp, line 1111]
Event: 17233.537 Thread 0x000001a3edca7c10 Implicit null exception at 0x000001a3998287f3 to 0x000001a399828e18
Event: 17233.537 Thread 0x000001a3edca7c10 Exception <a 'java/lang/NoSuchMethodError'{0x00000000d5b3dd70}: static [J.<clinit>()V> (0x00000000d5b3dd70) 
thrown [s\src\hotspot\share\prims\jni.cpp, line 1111]
Event: 18602.855 Thread 0x000001a3ece5a170 Implicit null exception at 0x000001a39a59bf10 to 0x000001a39a59cd64
Event: 18609.529 Thread 0x000001a3edca7c10 Exception <a 'sun/nio/fs/WindowsException'{0x00000000d5b88b48}> (0x00000000d5b88b48) 
thrown [s\src\hotspot\share\prims\jni.cpp, line 520]
Event: 18609.568 Thread 0x000001a3edca7c10 Exception <a 'sun/nio/fs/WindowsException'{0x00000000d5bfaf90}> (0x00000000d5bfaf90) 
thrown [s\src\hotspot\share\prims\jni.cpp, line 520]

ZGC Phase Switch (0 events):
No events

VM Operations (20 events):
Event: 18608.104 Executing VM operation: ParallelGCFailedAllocation (Allocation Failure)
Event: 18608.113 Executing VM operation: ParallelGCFailedAllocation (Allocation Failure) done
Event: 18609.611 Executing VM operation: ParallelGCFailedAllocation (Allocation Failure)
Event: 18609.618 Executing VM operation: ParallelGCFailedAllocation (Allocation Failure) done
Event: 18610.630 Executing VM operation: Cleanup
Event: 18610.630 Executing VM operation: Cleanup done
Event: 18617.340 Executing VM operation: HandshakeAllThreads (HandshakeForDeflation)
Event: 18617.343 Executing VM operation: HandshakeAllThreads (HandshakeForDeflation) done
Event: 18617.343 Executing VM operation: RendezvousGCThreads
Event: 18617.343 Executing VM operation: RendezvousGCThreads done
Event: 18654.833 Executing VM operation: ParallelGCFailedAllocation (Allocation Failure)
Event: 18655.052 Executing VM operation: ParallelGCFailedAllocation (Allocation Failure) done
Event: 18656.023 Executing VM operation: ParallelGCFailedAllocation (Allocation Failure)
Event: 18656.028 Executing VM operation: ParallelGCFailedAllocation (Allocation Failure) done
Event: 18672.195 Executing VM operation: Cleanup
Event: 18672.201 Executing VM operation: Cleanup done
Event: 18677.397 Executing VM operation: HandshakeAllThreads (HandshakeForDeflation)
Event: 18677.401 Executing VM operation: HandshakeAllThreads (HandshakeForDeflation) done
Event: 18677.401 Executing VM operation: RendezvousGCThreads
Event: 18677.401 Executing VM operation: RendezvousGCThreads done

Memory protections (0 events):
No events

Nmethod flushes (20 events):
Event: 17068.186 Thread 0x000001a38e42c700 flushing  nmethod 0x000001a3945cea10
Event: 17068.186 Thread 0x000001a38e42c700 flushing  nmethod 0x000001a3945f3a10
Event: 17068.186 Thread 0x000001a38e42c700 flushing  nmethod 0x000001a3945f5490
Event: 17068.186 Thread 0x000001a38e42c700 flushing  nmethod 0x000001a3945f7010
Event: 17068.186 Thread 0x000001a38e42c700 flushing  nmethod 0x000001a394606910
Event: 17068.186 Thread 0x000001a38e42c700 flushing  nmethod 0x000001a394616190
Event: 17068.187 Thread 0x000001a38e42c700 flushing  nmethod 0x000001a39462ff90
Event: 17068.187 Thread 0x000001a38e42c700 flushing  nmethod 0x000001a39467a990
Event: 17068.187 Thread 0x000001a38e42c700 flushing  nmethod 0x000001a39467d810
Event: 17068.187 Thread 0x000001a38e42c700 flushing  nmethod 0x000001a394693290
Event: 17068.187 Thread 0x000001a38e42c700 flushing  nmethod 0x000001a39469ca10
Event: 17068.187 Thread 0x000001a38e42c700 flushing  nmethod 0x000001a3946a4e10
Event: 17068.187 Thread 0x000001a38e42c700 flushing  nmethod 0x000001a3946a7710
Event: 17068.187 Thread 0x000001a38e42c700 flushing  nmethod 0x000001a3946b9d90
Event: 17068.187 Thread 0x000001a38e42c700 flushing  nmethod 0x000001a3946d2110
Event: 17068.187 Thread 0x000001a38e42c700 flushing  nmethod 0x000001a3946dbb10
Event: 17068.187 Thread 0x000001a38e42c700 flushing  nmethod 0x000001a39472fb10
Event: 17068.188 Thread 0x000001a38e42c700 flushing  nmethod 0x000001a3948bc010
Event: 17068.188 Thread 0x000001a38e42c700 flushing  nmethod 0x000001a3948f0410
Event: 17068.188 Thread 0x000001a38e42c700 flushing  nmethod 0x000001a3949d6a10

Events (20 events):
Event: 17059.987 Thread 0x000001a3ece5e9a0 Thread added: 0x000001a3eeea2ff0
Event: 17060.038 Thread 0x000001a3eeea2ff0 Thread added: 0x000001a3eee9e130
Event: 17060.113 Thread 0x000001a3ece5e9a0 Thread added: 0x000001a3eee9cd80
Event: 17091.631 Thread 0x000001a3eeea3680 Thread added: 0x000001a3eeea2960
Event: 17139.319 Thread 0x000001a3eeea2960 Thread added: 0x000001a3eee9d410
Event: 17140.252 Thread 0x000001a3eeea2960 Thread added: 0x000001a3eee9ee50
Event: 17143.313 Thread 0x000001a3edca7c10 Thread added: 0x000001a3eee9c6f0
Event: 17201.478 Thread 0x000001a3eee9ee50 Thread exited: 0x000001a3eee9ee50
Event: 17205.937 Thread 0x000001a3eee9e130 Thread exited: 0x000001a3eee9e130
Event: 17231.167 Thread 0x000001a3eee9c6f0 Thread exited: 0x000001a3eee9c6f0
Event: 17232.798 Thread 0x000001a3edca7c10 Thread added: 0x000001a3eeea0f20
Event: 17232.813 Thread 0x000001a3eeea0f20 Thread exited: 0x000001a3eeea0f20
Event: 17232.889 Thread 0x000001a3edca7c10 Thread added: 0x000001a3eee9e7c0
Event: 17232.892 Thread 0x000001a3eee9e7c0 Thread added: 0x000001a3eee9ee50
Event: 17232.895 Thread 0x000001a3eee9e7c0 Thread exited: 0x000001a3eee9e7c0
Event: 17232.895 Thread 0x000001a3eee9ee50 Thread exited: 0x000001a3eee9ee50
Event: 17265.951 Thread 0x000001a3eeea2ff0 Thread exited: 0x000001a3eeea2ff0
Event: 17293.740 Thread 0x000001a3eeea3680 Thread exited: 0x000001a3eeea3680
Event: 17325.981 Thread 0x000001a3eee9cd80 Thread exited: 0x000001a3eee9cd80
Event: 17439.480 Thread 0x000001a3eee9d410 Thread exited: 0x000001a3eee9d410


Dynamic libraries:
0x00007ff74c740000 - 0x00007ff74c74e000 	c:\Users\tuanl\.vscode\extensions\redhat.java-1.47.0-win32-x64\jre\21.0.8-win32-x86_64\bin\java.exe
0x00007ffd61c50000 - 0x00007ffd61e68000 	C:\WINDOWS\SYSTEM32\ntdll.dll
0x00007ffd5ff20000 - 0x00007ffd5ffe4000 	C:\WINDOWS\System32\KERNEL32.DLL
0x00007ffd5ed50000 - 0x00007ffd5f123000 	C:\WINDOWS\System32\KERNELBASE.dll
0x00007ffd5f550000 - 0x00007ffd5f661000 	C:\WINDOWS\System32\ucrtbase.dll
0x00007ffd4e7e0000 - 0x00007ffd4e7f8000 	c:\Users\tuanl\.vscode\extensions\redhat.java-1.47.0-win32-x64\jre\21.0.8-win32-x86_64\bin\jli.dll
0x00007ffd60310000 - 0x00007ffd604c2000 	C:\WINDOWS\System32\USER32.dll
0x00007ffd5f790000 - 0x00007ffd5f7b6000 	C:\WINDOWS\System32\win32u.dll
0x00007ffd602e0000 - 0x00007ffd60309000 	C:\WINDOWS\System32\GDI32.dll
0x00007ffd5f7c0000 - 0x00007ffd5f8e3000 	C:\WINDOWS\System32\gdi32full.dll
0x00007ffd5f670000 - 0x00007ffd5f70a000 	C:\WINDOWS\System32\msvcp_win.dll
0x00007ffd4dca0000 - 0x00007ffd4dcbe000 	c:\Users\tuanl\.vscode\extensions\redhat.java-1.47.0-win32-x64\jre\21.0.8-win32-x86_64\bin\VCRUNTIME140.dll
0x00007ffd4a2a0000 - 0x00007ffd4a53c000 	C:\WINDOWS\WinSxS\amd64_microsoft.windows.common-controls_6595b64144ccf1df_6.0.22621.6060_none_2712eda17382d24b\COMCTL32.dll
0x00007ffd61350000 - 0x00007ffd613f7000 	C:\WINDOWS\System32\msvcrt.dll
0x00007ffd612b0000 - 0x00007ffd612e1000 	C:\WINDOWS\System32\IMM32.DLL
0x00007ffd5bae0000 - 0x00007ffd5baec000 	c:\Users\tuanl\.vscode\extensions\redhat.java-1.47.0-win32-x64\jre\21.0.8-win32-x86_64\bin\vcruntime140_1.dll
0x00007ffcf19a0000 - 0x00007ffcf1a2d000 	c:\Users\tuanl\.vscode\extensions\redhat.java-1.47.0-win32-x64\jre\21.0.8-win32-x86_64\bin\msvcp140.dll
0x00007ffcd4c90000 - 0x00007ffcd5a27000 	c:\Users\tuanl\.vscode\extensions\redhat.java-1.47.0-win32-x64\jre\21.0.8-win32-x86_64\bin\server\jvm.dll
0x00007ffd60060000 - 0x00007ffd60111000 	C:\WINDOWS\System32\ADVAPI32.dll
0x00007ffd5fca0000 - 0x00007ffd5fd48000 	C:\WINDOWS\System32\sechost.dll
0x00007ffd5f3e0000 - 0x00007ffd5f408000 	C:\WINDOWS\System32\bcrypt.dll
0x00007ffd60f70000 - 0x00007ffd61088000 	C:\WINDOWS\System32\RPCRT4.dll
0x00007ffd61a20000 - 0x00007ffd61a91000 	C:\WINDOWS\System32\WS2_32.dll
0x00007ffd5ec20000 - 0x00007ffd5ec6d000 	C:\WINDOWS\SYSTEM32\POWRPROF.dll
0x00007ffd55980000 - 0x00007ffd559b4000 	C:\WINDOWS\SYSTEM32\WINMM.dll
0x00007ffd4fb60000 - 0x00007ffd4fb6a000 	C:\WINDOWS\SYSTEM32\VERSION.dll
0x00007ffd5ec00000 - 0x00007ffd5ec13000 	C:\WINDOWS\SYSTEM32\UMPDC.dll
0x00007ffd5dce0000 - 0x00007ffd5dcf8000 	C:\WINDOWS\SYSTEM32\kernel.appcore.dll
0x00007ffd4e7d0000 - 0x00007ffd4e7da000 	c:\Users\tuanl\.vscode\extensions\redhat.java-1.47.0-win32-x64\jre\21.0.8-win32-x86_64\bin\jimage.dll
0x00007ffd5c620000 - 0x00007ffd5c853000 	C:\WINDOWS\SYSTEM32\DBGHELP.DLL
0x00007ffd5f8f0000 - 0x00007ffd5fc82000 	C:\WINDOWS\System32\combase.dll
0x00007ffd61b30000 - 0x00007ffd61c08000 	C:\WINDOWS\System32\OLEAUT32.dll
0x00007ffd4ebf0000 - 0x00007ffd4ec22000 	C:\WINDOWS\SYSTEM32\dbgcore.DLL
0x00007ffd5f360000 - 0x00007ffd5f3db000 	C:\WINDOWS\System32\bcryptPrimitives.dll
0x00007ffd4dc90000 - 0x00007ffd4dc9f000 	c:\Users\tuanl\.vscode\extensions\redhat.java-1.47.0-win32-x64\jre\21.0.8-win32-x86_64\bin\instrument.dll
0x00007ffd461a0000 - 0x00007ffd461bf000 	c:\Users\tuanl\.vscode\extensions\redhat.java-1.47.0-win32-x64\jre\21.0.8-win32-x86_64\bin\java.dll
0x00007ffd606d0000 - 0x00007ffd60f6e000 	C:\WINDOWS\System32\SHELL32.dll
0x00007ffd5f410000 - 0x00007ffd5f54f000 	C:\WINDOWS\System32\wintypes.dll
0x00007ffd5cbe0000 - 0x00007ffd5d4f8000 	C:\WINDOWS\SYSTEM32\windows.storage.dll
0x00007ffd601d0000 - 0x00007ffd602d4000 	C:\WINDOWS\System32\SHCORE.dll
0x00007ffd604d0000 - 0x00007ffd60539000 	C:\WINDOWS\System32\shlwapi.dll
0x00007ffd5ec80000 - 0x00007ffd5eca5000 	C:\WINDOWS\SYSTEM32\profapi.dll
0x00007ffd36500000 - 0x00007ffd36518000 	c:\Users\tuanl\.vscode\extensions\redhat.java-1.47.0-win32-x64\jre\21.0.8-win32-x86_64\bin\zip.dll
0x00007ffd45bd0000 - 0x00007ffd45be0000 	C:\Users\tuanl\.vscode\extensions\redhat.java-1.47.0-win32-x64\jre\21.0.8-win32-x86_64\bin\net.dll
0x00007ffd586f0000 - 0x00007ffd5881c000 	C:\WINDOWS\SYSTEM32\WINHTTP.dll
0x00007ffd5e1b0000 - 0x00007ffd5e219000 	C:\WINDOWS\system32\mswsock.dll
0x00007ffd20b30000 - 0x00007ffd20b46000 	C:\Users\tuanl\.vscode\extensions\redhat.java-1.47.0-win32-x64\jre\21.0.8-win32-x86_64\bin\nio.dll
0x00007ffd43640000 - 0x00007ffd43650000 	c:\Users\tuanl\.vscode\extensions\redhat.java-1.47.0-win32-x64\jre\21.0.8-win32-x86_64\bin\verify.dll
0x00007ffd0baf0000 - 0x00007ffd0bb34000 	C:\Users\tuanl\AppData\Roaming\Code\User\globalStorage\redhat.java\1.47.0\config_win\org.eclipse.equinox.launcher\org.eclipse.equinox.launcher.win32.win32.x86_64_1.2.1400.v20250801-0854\eclipse_11916.dll
0x00007ffd61400000 - 0x00007ffd615a0000 	C:\WINDOWS\System32\ole32.dll
0x00007ffd5e3d0000 - 0x00007ffd5e3eb000 	C:\WINDOWS\SYSTEM32\CRYPTSP.dll
0x00007ffd5dc40000 - 0x00007ffd5dc77000 	C:\WINDOWS\system32\rsaenh.dll
0x00007ffd5e270000 - 0x00007ffd5e298000 	C:\WINDOWS\SYSTEM32\USERENV.dll
0x00007ffd5e400000 - 0x00007ffd5e40c000 	C:\WINDOWS\SYSTEM32\CRYPTBASE.dll
0x00007ffd5d760000 - 0x00007ffd5d78d000 	C:\WINDOWS\SYSTEM32\IPHLPAPI.DLL
0x00007ffd606c0000 - 0x00007ffd606c9000 	C:\WINDOWS\System32\NSI.dll
0x00007ffd35220000 - 0x00007ffd35269000 	C:\Users\tuanl\AppData\Local\Temp\jna-110710718\jna10402553950398317174.dll
0x00007ffd5fc90000 - 0x00007ffd5fc98000 	C:\WINDOWS\System32\PSAPI.DLL
0x00007ffd4fe90000 - 0x00007ffd4fea9000 	C:\WINDOWS\SYSTEM32\dhcpcsvc6.DLL
0x00007ffd4fe70000 - 0x00007ffd4fe8f000 	C:\WINDOWS\SYSTEM32\dhcpcsvc.DLL
0x00007ffd5de00000 - 0x00007ffd5de34000 	C:\WINDOWS\SYSTEM32\ntmarta.dll
0x00007ffd4ec70000 - 0x00007ffd4ec7e000 	C:\Users\tuanl\.vscode\extensions\redhat.java-1.47.0-win32-x64\jre\21.0.8-win32-x86_64\bin\sunmscapi.dll
0x00007ffd5f1f0000 - 0x00007ffd5f358000 	C:\WINDOWS\System32\CRYPT32.dll
0x00007ffd5e610000 - 0x00007ffd5e63e000 	C:\WINDOWS\SYSTEM32\ncrypt.dll
0x00007ffd5e5d0000 - 0x00007ffd5e607000 	C:\WINDOWS\SYSTEM32\NTASN1.dll

JVMTI agents:
c:\Users\tuanl\.vscode\extensions\redhat.java-1.47.0-win32-x64\lombok\lombok-1.18.39-4050.jar path:c:\Users\tuanl\.vscode\extensions\redhat.java-1.47.0-win32-x64\jre\21.0.8-win32-x86_64\bin\instrument.dll, loaded, initialized, instrumentlib options:none

dbghelp: loaded successfully - version: 4.0.5 - missing functions: none
symbol engine: initialized successfully - sym options: 0x614 - pdb path: .;c:\Users\tuanl\.vscode\extensions\redhat.java-1.47.0-win32-x64\jre\21.0.8-win32-x86_64\bin;C:\WINDOWS\SYSTEM32;C:\WINDOWS\WinSxS\amd64_microsoft.windows.common-controls_6595b64144ccf1df_6.0.22621.6060_none_2712eda17382d24b;c:\Users\tuanl\.vscode\extensions\redhat.java-1.47.0-win32-x64\jre\21.0.8-win32-x86_64\bin\server;C:\Users\tuanl\AppData\Roaming\Code\User\globalStorage\redhat.java\1.47.0\config_win\org.eclipse.equinox.launcher\org.eclipse.equinox.launcher.win32.win32.x86_64_1.2.1400.v20250801-0854;C:\Users\tuanl\AppData\Local\Temp\jna-110710718

VM Arguments:
jvm_args: --add-modules=ALL-SYSTEM --add-opens=java.base/java.util=ALL-UNNAMED --add-opens=java.base/java.lang=ALL-UNNAMED --add-opens=java.base/sun.nio.fs=ALL-UNNAMED -Declipse.application=org.eclipse.jdt.ls.core.id1 -Dosgi.bundles.defaultStartLevel=4 -Declipse.product=org.eclipse.jdt.ls.core.product -Djava.import.generatesMetadataFilesAtProjectRoot=false -DDetectVMInstallationsJob.disabled=true -Dfile.encoding=utf8 -XX:+UseParallelGC -XX:GCTimeRatio=4 -XX:AdaptiveSizePolicyWeight=90 -Dsun.zip.disableMemoryMapping=true -Xmx2G -Xms100m -Xlog:disable -javaagent:c:\Users\tuanl\.vscode\extensions\redhat.java-1.47.0-win32-x64\lombok\lombok-1.18.39-4050.jar -XX:+HeapDumpOnOutOfMemoryError -XX:HeapDumpPath=c:\Users\tuanl\AppData\Roaming\Code\User\workspaceStorage\2958d9ff59acb5834dc458d8038bb3cb\redhat.java -Daether.dependencyCollector.impl=bf 
java_command: c:\Users\tuanl\.vscode\extensions\redhat.java-1.47.0-win32-x64\server\plugins\org.eclipse.equinox.launcher_1.7.100.v20251014-1222.jar -configuration c:\Users\tuanl\AppData\Roaming\Code\User\globalStorage\redhat.java\1.47.0\config_win -data c:\Users\tuanl\AppData\Roaming\Code\User\workspaceStorage\2958d9ff59acb5834dc458d8038bb3cb\redhat.java\jdt_ws --pipe=\\.\pipe\lsp-85830d2833c46169ea30dcad70c5bd66-sock
java_class_path (initial): c:\Users\tuanl\.vscode\extensions\redhat.java-1.47.0-win32-x64\server\plugins\org.eclipse.equinox.launcher_1.7.100.v20251014-1222.jar
Launcher Type: SUN_STANDARD

[Global flags]
    uintx AdaptiveSizePolicyWeight                 = 90                                        {product} {command line}
     intx CICompilerCount                          = 3                                         {product} {ergonomic}
    uintx GCTimeRatio                              = 4                                         {product} {command line}
     bool HeapDumpOnOutOfMemoryError               = true                                   {manageable} {command line}
    ccstr HeapDumpPath                             = c:\Users\tuanl\AppData\Roaming\Code\User\workspaceStorage\2958d9ff59acb5834dc458d8038bb3cb\redhat.java         {manageable} {command line}
   size_t InitialHeapSize                          = 104857600                                 {product} {command line}
   size_t MaxHeapSize                              = 2147483648                                {product} {command line}
   size_t MaxNewSize                               = 715653120                                 {product} {ergonomic}
   size_t MinHeapDeltaBytes                        = 524288                                    {product} {ergonomic}
   size_t MinHeapSize                              = 104857600                                 {product} {command line}
   size_t NewSize                                  = 34603008                                  {product} {ergonomic}
    uintx NonNMethodCodeHeapSize                   = 5832780                                {pd product} {ergonomic}
    uintx NonProfiledCodeHeapSize                  = 122912730                              {pd product} {ergonomic}
   size_t OldSize                                  = 70254592                                  {product} {ergonomic}
    uintx ProfiledCodeHeapSize                     = 122912730                              {pd product} {ergonomic}
    uintx ReservedCodeCacheSize                    = 251658240                              {pd product} {ergonomic}
     bool SegmentedCodeCache                       = true                                      {product} {ergonomic}
   size_t SoftMaxHeapSize                          = 2147483648                             {manageable} {ergonomic}
     bool UseCompressedOops                        = true                           {product lp64_product} {ergonomic}
     bool UseLargePagesIndividualAllocation        = false                                  {pd product} {ergonomic}
     bool UseParallelGC                            = true                                      {product} {command line}

Logging:
Log output configuration:
 #0: stdout all=off uptime,level,tags foldmultilines=false
 #1: stderr all=off uptime,level,tags foldmultilines=false

Environment Variables:
JAVA_HOME=C:\Program Files\Java\jdk-25
PATH=C:\Program Files\Common Files\Oracle\Java\javapath;C:\Program Files\Eclipse Adoptium\jdk-17.0.16.8-hotspot\bin;C:\WINDOWS\system32;C:\WINDOWS;C:\WINDOWS\System32\Wbem;C:\WINDOWS\System32\WindowsPowerShell\v1.0\;C:\WINDOWS\System32\OpenSSH\;C:\Program Files\dotnet\;C:\Program Files\Git\cmd;C:\msys64\ucrt64\bin;C:\Program Files\Java\jdk-24\bin;C:\Program Files\Java\jdk-25\bin;D:\apache-maven-3.9.11\bin;C:\Users\tuanl\AppData\Local\Microsoft\WindowsApps;C:\msys64\ucrt64\bin;C:\Users\tuanl\AppData\Local\Programs\Microsoft VS Code\bin;C:\Users\tuanl\AppData\Local\GitHubDesktop\bin;C:\msys64\ucrt64\bin;D:\IntelliJ IDEA 2025.2.1\bin
USERNAME=tuanl
OS=Windows_NT
PROCESSOR_IDENTIFIER=Intel64 Family 6 Model 140 Stepping 1, GenuineIntel
TMP=C:\Users\tuanl\AppData\Local\Temp
TEMP=C:\Users\tuanl\AppData\Local\Temp




Periodic native trim disabled

---------------  S Y S T E M  ---------------

OS:
 Windows 11 , 64 bit Build 22621 (10.0.22621.5415)
OS uptime: 1 days 17:25 hours
Hyper-V role detected

CPU: total 4 (initial active 4) (2 cores per cpu, 2 threads per core) family 6 model 140 stepping 1 microcode 0xbc, cx8, cmov, fxsr, ht, mmx, 3dnowpref, sse, sse2, sse3, ssse3, sse4.1, sse4.2, popcnt, lzcnt, tsc, tscinvbit, avx, avx2, aes, erms, clmul, bmi1, bmi2, adx, avx512f, avx512dq, avx512cd, avx512bw, avx512vl, sha, fma, vzeroupper, avx512_vpopcntdq, avx512_vpclmulqdq, avx512_vaes, avx512_vnni, clflush, clflushopt, clwb, avx512_vbmi2, avx512_vbmi, hv, rdtscp, rdpid, fsrm, gfni, avx512_bitalg, f16c, cet_ibt, cet_ss, avx512_ifma
Processor Information for the first 4 processors :
  Max Mhz: 2995, Current Mhz: 2995, Mhz Limit: 2995

Memory: 4k page, system-wide physical 3830M (18M free)
TotalPageFile size 15606M (AvailPageFile size 7M)
current process WorkingSet (physical memory assigned to process): 9M, peak: 402M
current process commit charge ("private bytes"): 1667M, peak: 1682M

vm_info: OpenJDK 64-Bit Server VM (21.0.8+9-LTS) for windows-amd64 JRE (21.0.8+9-LTS), built on 2025-07-15T00:00:00Z by "admin" with MS VC++ 17.7 (VS2022)

END.
